<?xml version="1.0" encoding="UTF-8"?>
<testng-results ignored="0" total="4" passed="1" failed="2" skipped="1">
  <reporter-output>
  </reporter-output>
  <suite started-at="2023-07-06T14:18:01 PKT" name="Suite" finished-at="2023-07-06T14:18:48 PKT" duration-ms="46306">
    <groups>
    </groups>
    <test started-at="2023-07-06T14:18:01 PKT" name="ErrorValidations" finished-at="2023-07-06T14:18:17 PKT" duration-ms="15653">
      <class name="tests.ErrorValidationsTest">
        <test-method is-config="true" signature="launchApplication()[pri:0, instance:tests.ErrorValidationsTest@7749bf93]" started-at="2023-07-06T14:18:01 PKT" name="launchApplication" finished-at="2023-07-06T14:18:14 PKT" duration-ms="13120" status="PASS">
          <reporter-output>
          </reporter-output>
        </test-method> <!-- launchApplication -->
        <test-method signature="incorrectLogin()[pri:0, instance:tests.ErrorValidationsTest@7749bf93]" started-at="2023-07-06T14:18:14 PKT" name="incorrectLogin" finished-at="2023-07-06T14:18:17 PKT" duration-ms="2120" status="FAIL">
          <exception class="junit.framework.ComparisonFailure">
            <message>
              <![CDATA[expected:<...> but was:<...s>]]>
            </message>
            <full-stacktrace>
              <![CDATA[junit.framework.ComparisonFailure: expected:<...> but was:<...s>
at junit.framework.Assert.assertEquals(Assert.java:81)
at junit.framework.Assert.assertEquals(Assert.java:87)
at tests.ErrorValidationsTest.incorrectLogin(ErrorValidationsTest.java:14)
at java.base/jdk.internal.reflect.NativeMethodAccessorImpl.invoke0(Native Method)
at java.base/jdk.internal.reflect.NativeMethodAccessorImpl.invoke(NativeMethodAccessorImpl.java:77)
at java.base/jdk.internal.reflect.DelegatingMethodAccessorImpl.invoke(DelegatingMethodAccessorImpl.java:43)
at java.base/java.lang.reflect.Method.invoke(Method.java:568)
at org.testng.internal.invokers.MethodInvocationHelper.invokeMethod(MethodInvocationHelper.java:139)
at org.testng.internal.invokers.TestInvoker.invokeMethod(TestInvoker.java:664)
at org.testng.internal.invokers.TestInvoker.invokeTestMethod(TestInvoker.java:227)
at org.testng.internal.invokers.MethodRunner.runInSequence(MethodRunner.java:50)
at org.testng.internal.invokers.TestInvoker$MethodInvocationAgent.invoke(TestInvoker.java:957)
at org.testng.internal.invokers.TestInvoker.invokeTestMethods(TestInvoker.java:200)
at org.testng.internal.invokers.TestMethodWorker.invokeTestMethods(TestMethodWorker.java:148)
at org.testng.internal.invokers.TestMethodWorker.run(TestMethodWorker.java:128)
at java.base/java.util.concurrent.ThreadPoolExecutor.runWorker(ThreadPoolExecutor.java:1136)
at java.base/java.util.concurrent.ThreadPoolExecutor$Worker.run(ThreadPoolExecutor.java:635)
at java.base/java.lang.Thread.run(Thread.java:833)
]]>
            </full-stacktrace>
          </exception> <!-- junit.framework.ComparisonFailure -->
          <reporter-output>
          </reporter-output>
        </test-method> <!-- incorrectLogin -->
        <test-method is-config="true" signature="tearDown()[pri:0, instance:tests.ErrorValidationsTest@7749bf93]" started-at="2023-07-06T14:18:17 PKT" name="tearDown" finished-at="2023-07-06T14:18:17 PKT" duration-ms="84" status="PASS">
          <reporter-output>
          </reporter-output>
        </test-method> <!-- tearDown -->
      </class> <!-- tests.ErrorValidationsTest -->
    </test> <!-- ErrorValidations -->
    <test started-at="2023-07-06T14:18:17 PKT" name="EmployeeCreation" finished-at="2023-07-06T14:18:48 PKT" duration-ms="30316">
      <class name="tests.EmployeeCreationTest">
        <test-method is-config="true" signature="launchApplication()[pri:0, instance:tests.EmployeeCreationTest@6e950bcf]" started-at="2023-07-06T14:18:17 PKT" name="launchApplication" finished-at="2023-07-06T14:18:21 PKT" duration-ms="3842" status="PASS">
          <reporter-output>
          </reporter-output>
        </test-method> <!-- launchApplication -->
        <test-method signature="CreateEmployee(java.util.HashMap)[pri:0, instance:tests.EmployeeCreationTest@6e950bcf]" started-at="2023-07-06T14:18:21 PKT" name="CreateEmployee" data-provider="getData" finished-at="2023-07-06T14:18:28 PKT" duration-ms="6877" status="PASS">
          <params>
            <param index="0">
              <value>
                <![CDATA[{lName=Shahid, fName=Jawad}]]>
              </value>
            </param>
          </params>
          <reporter-output>
          </reporter-output>
        </test-method> <!-- CreateEmployee -->
        <test-method is-config="true" signature="tearDown()[pri:0, instance:tests.EmployeeCreationTest@6e950bcf]" started-at="2023-07-06T14:18:28 PKT" name="tearDown" finished-at="2023-07-06T14:18:28 PKT" duration-ms="97" status="PASS">
          <reporter-output>
          </reporter-output>
        </test-method> <!-- tearDown -->
        <test-method is-config="true" signature="launchApplication()[pri:0, instance:tests.EmployeeCreationTest@6e950bcf]" started-at="2023-07-06T14:18:28 PKT" name="launchApplication" finished-at="2023-07-06T14:18:40 PKT" duration-ms="12179" status="PASS">
          <reporter-output>
          </reporter-output>
        </test-method> <!-- launchApplication -->
        <test-method signature="CreateEmployee(java.util.HashMap)[pri:0, instance:tests.EmployeeCreationTest@6e950bcf]" started-at="2023-07-06T14:18:40 PKT" name="CreateEmployee" data-provider="getData" finished-at="2023-07-06T14:18:47 PKT" duration-ms="6807" status="FAIL">
          <params>
            <param index="0">
              <value>
                <![CDATA[{lName=Jawad, fName=Shahid}]]>
              </value>
            </param>
          </params>
          <exception class="org.openqa.selenium.ElementClickInterceptedException">
            <message>
              <![CDATA[element click intercepted: Element <button type="submit" class="oxd-button oxd-button--medium oxd-button--secondary orangehrm-left-space" data-v-10d463b7="" data-v-7fe2d320="">...</button> is not clickable at point (1789, 489). Other element would receive the click: <div class="oxd-form-loader" data-v-d5bfe35b="">...</div>
  (Session info: chrome=114.0.5735.199)
Build info: version: '4.10.0', revision: 'c14d967899'
System info: os.name: 'Windows 11', os.arch: 'amd64', os.version: '10.0', java.version: '17.0.7'
Driver info: org.openqa.selenium.chrome.ChromeDriver
Command: [22459d93e3d93a63089f65a67f387628, clickElement {id=ACC5938A71A573DAAF7C0D5EABFFA26E_element_42}]
Capabilities {acceptInsecureCerts: false, browserName: chrome, browserVersion: 114.0.5735.199, chrome: {chromedriverVersion: 114.0.5735.90 (386bc09e8f4f..., userDataDir: C:\Users\jawad\AppData\Loca...}, goog:chromeOptions: {debuggerAddress: localhost:52378}, networkConnectionEnabled: false, pageLoadStrategy: normal, platformName: windows, proxy: Proxy(), se:cdp: ws://localhost:52378/devtoo..., se:cdpVersion: 114.0.5735.199, setWindowRect: true, strictFileInteractability: false, timeouts: {implicit: 0, pageLoad: 300000, script: 30000}, unhandledPromptBehavior: dismiss and notify, webauthn:extension:credBlob: true, webauthn:extension:largeBlob: true, webauthn:extension:minPinLength: true, webauthn:extension:prf: true, webauthn:virtualAuthenticators: true}
Element: [[ChromeDriver: chrome on windows (22459d93e3d93a63089f65a67f387628)] -> css selector: [type='submit']]
Session ID: 22459d93e3d93a63089f65a67f387628]]>
            </message>
            <full-stacktrace>
              <![CDATA[org.openqa.selenium.ElementClickInterceptedException: element click intercepted: Element <button type="submit" class="oxd-button oxd-button--medium oxd-button--secondary orangehrm-left-space" data-v-10d463b7="" data-v-7fe2d320="">...</button> is not clickable at point (1789, 489). Other element would receive the click: <div class="oxd-form-loader" data-v-d5bfe35b="">...</div>
  (Session info: chrome=114.0.5735.199)
Build info: version: '4.10.0', revision: 'c14d967899'
System info: os.name: 'Windows 11', os.arch: 'amd64', os.version: '10.0', java.version: '17.0.7'
Driver info: org.openqa.selenium.chrome.ChromeDriver
Command: [22459d93e3d93a63089f65a67f387628, clickElement {id=ACC5938A71A573DAAF7C0D5EABFFA26E_element_42}]
Capabilities {acceptInsecureCerts: false, browserName: chrome, browserVersion: 114.0.5735.199, chrome: {chromedriverVersion: 114.0.5735.90 (386bc09e8f4f..., userDataDir: C:\Users\jawad\AppData\Loca...}, goog:chromeOptions: {debuggerAddress: localhost:52378}, networkConnectionEnabled: false, pageLoadStrategy: normal, platformName: windows, proxy: Proxy(), se:cdp: ws://localhost:52378/devtoo..., se:cdpVersion: 114.0.5735.199, setWindowRect: true, strictFileInteractability: false, timeouts: {implicit: 0, pageLoad: 300000, script: 30000}, unhandledPromptBehavior: dismiss and notify, webauthn:extension:credBlob: true, webauthn:extension:largeBlob: true, webauthn:extension:minPinLength: true, webauthn:extension:prf: true, webauthn:virtualAuthenticators: true}
Element: [[ChromeDriver: chrome on windows (22459d93e3d93a63089f65a67f387628)] -> css selector: [type='submit']]
Session ID: 22459d93e3d93a63089f65a67f387628
at java.base/jdk.internal.reflect.NativeConstructorAccessorImpl.newInstance0(Native Method)
at java.base/jdk.internal.reflect.NativeConstructorAccessorImpl.newInstance(NativeConstructorAccessorImpl.java:77)
at java.base/jdk.internal.reflect.DelegatingConstructorAccessorImpl.newInstance(DelegatingConstructorAccessorImpl.java:45)
at java.base/java.lang.reflect.Constructor.newInstanceWithCaller(Constructor.java:499)
at java.base/java.lang.reflect.Constructor.newInstance(Constructor.java:480)
at org.openqa.selenium.remote.codec.w3c.W3CHttpResponseCodec.createException(W3CHttpResponseCodec.java:199)
at org.openqa.selenium.remote.codec.w3c.W3CHttpResponseCodec.decode(W3CHttpResponseCodec.java:132)
at org.openqa.selenium.remote.codec.w3c.W3CHttpResponseCodec.decode(W3CHttpResponseCodec.java:51)
at org.openqa.selenium.remote.HttpCommandExecutor.execute(HttpCommandExecutor.java:191)
at org.openqa.selenium.remote.service.DriverCommandExecutor.invokeExecute(DriverCommandExecutor.java:196)
at org.openqa.selenium.remote.service.DriverCommandExecutor.execute(DriverCommandExecutor.java:171)
at org.openqa.selenium.remote.RemoteWebDriver.execute(RemoteWebDriver.java:531)
at org.openqa.selenium.remote.RemoteWebElement.execute(RemoteWebElement.java:242)
at org.openqa.selenium.remote.RemoteWebElement.click(RemoteWebElement.java:77)
at java.base/jdk.internal.reflect.NativeMethodAccessorImpl.invoke0(Native Method)
at java.base/jdk.internal.reflect.NativeMethodAccessorImpl.invoke(NativeMethodAccessorImpl.java:77)
at java.base/jdk.internal.reflect.DelegatingMethodAccessorImpl.invoke(DelegatingMethodAccessorImpl.java:43)
at java.base/java.lang.reflect.Method.invoke(Method.java:568)
at org.openqa.selenium.support.pagefactory.internal.LocatingElementHandler.invoke(LocatingElementHandler.java:51)
at jdk.proxy2/jdk.proxy2.$Proxy18.click(Unknown Source)
at pageObjects.AddEmployee.addEmployee(AddEmployee.java:34)
at tests.EmployeeCreationTest.CreateEmployee(EmployeeCreationTest.java:29)
at java.base/jdk.internal.reflect.NativeMethodAccessorImpl.invoke0(Native Method)
at java.base/jdk.internal.reflect.NativeMethodAccessorImpl.invoke(NativeMethodAccessorImpl.java:77)
at java.base/jdk.internal.reflect.DelegatingMethodAccessorImpl.invoke(DelegatingMethodAccessorImpl.java:43)
at java.base/java.lang.reflect.Method.invoke(Method.java:568)
at org.testng.internal.invokers.MethodInvocationHelper.invokeMethod(MethodInvocationHelper.java:139)
at org.testng.internal.invokers.TestInvoker.invokeMethod(TestInvoker.java:664)
at org.testng.internal.invokers.TestInvoker.invokeTestMethod(TestInvoker.java:227)
at org.testng.internal.invokers.MethodRunner.runInSequence(MethodRunner.java:50)
at org.testng.internal.invokers.TestInvoker$MethodInvocationAgent.invoke(TestInvoker.java:957)
at org.testng.internal.invokers.TestInvoker.invokeTestMethods(TestInvoker.java:200)
at org.testng.internal.invokers.TestMethodWorker.invokeTestMethods(TestMethodWorker.java:148)
at org.testng.internal.invokers.TestMethodWorker.run(TestMethodWorker.java:128)
at java.base/java.util.concurrent.ThreadPoolExecutor.runWorker(ThreadPoolExecutor.java:1136)
at java.base/java.util.concurrent.ThreadPoolExecutor$Worker.run(ThreadPoolExecutor.java:635)
at java.base/java.lang.Thread.run(Thread.java:833)
]]>
            </full-stacktrace>
          </exception> <!-- org.openqa.selenium.ElementClickInterceptedException -->
          <reporter-output>
          </reporter-output>
        </test-method> <!-- CreateEmployee -->
        <test-method is-config="true" signature="tearDown()[pri:0, instance:tests.EmployeeCreationTest@6e950bcf]" started-at="2023-07-06T14:18:47 PKT" name="tearDown" finished-at="2023-07-06T14:18:48 PKT" duration-ms="87" status="PASS">
          <reporter-output>
          </reporter-output>
        </test-method> <!-- tearDown -->
        <test-method signature="verifyEmployeeCreation(java.util.HashMap)[pri:0, instance:tests.EmployeeCreationTest@6e950bcf]" started-at="2023-07-06T14:18:48 PKT" name="verifyEmployeeCreation" finished-at="2023-07-06T14:18:48 PKT" depends-on-methods="tests.EmployeeCreationTest.CreateEmployee" duration-ms="0" status="SKIP">
          <exception class="java.lang.Throwable">
            <message>
              <![CDATA[Method tests.EmployeeCreationTest.verifyEmployeeCreation() on instance tests.EmployeeCreationTest@6e950bcf depends on not successfully finished methods 
[tests.EmployeeCreationTest.CreateEmployee() on instance tests.EmployeeCreationTest@6e950bcf]]]>
            </message>
            <full-stacktrace>
              <![CDATA[java.lang.Throwable: Method tests.EmployeeCreationTest.verifyEmployeeCreation() on instance tests.EmployeeCreationTest@6e950bcf depends on not successfully finished methods 
[tests.EmployeeCreationTest.CreateEmployee() on instance tests.EmployeeCreationTest@6e950bcf]
at org.testng.internal.invokers.TestInvoker.invokeTestMethods(TestInvoker.java:156)
at org.testng.internal.invokers.TestMethodWorker.invokeTestMethods(TestMethodWorker.java:148)
at org.testng.internal.invokers.TestMethodWorker.run(TestMethodWorker.java:128)
at java.base/java.util.concurrent.ThreadPoolExecutor.runWorker(ThreadPoolExecutor.java:1136)
at java.base/java.util.concurrent.ThreadPoolExecutor$Worker.run(ThreadPoolExecutor.java:635)
at java.base/java.lang.Thread.run(Thread.java:833)
]]>
            </full-stacktrace>
          </exception> <!-- java.lang.Throwable -->
          <reporter-output>
          </reporter-output>
        </test-method> <!-- verifyEmployeeCreation -->
      </class> <!-- tests.EmployeeCreationTest -->
    </test> <!-- EmployeeCreation -->
  </suite> <!-- Suite -->
</testng-results>
