<?xml version="1.0" encoding="UTF-8"?>
<!-- Generated by org.testng.reporters.JUnitXMLReporter -->
<testsuite ignored="0" hostname="Jawad" failures="1" tests="1" name="ErrorValidations" time="15.653" errors="0" timestamp="2023-07-06T14:18:17 PKT">
  <testcase classname="tests.ErrorValidationsTest" name="incorrectLogin" time="2.12">
    <failure type="junit.framework.ComparisonFailure" message="expected:&amp;lt;...&amp;gt; but was:&amp;lt;...s&amp;gt;">
      <![CDATA[junit.framework.ComparisonFailure: expected:<...> but was:<...s>
at junit.framework.Assert.assertEquals(Assert.java:81)
at junit.framework.Assert.assertEquals(Assert.java:87)
at tests.ErrorValidationsTest.incorrectLogin(ErrorValidationsTest.java:14)
at java.base/java.util.concurrent.ThreadPoolExecutor.runWorker(ThreadPoolExecutor.java:1136)
at java.base/java.util.concurrent.ThreadPoolExecutor$Worker.run(ThreadPoolExecutor.java:635)
at java.base/java.lang.Thread.run(Thread.java:833)
... Removed 12 stack frames]]>
    </failure>
  </testcase> <!-- incorrectLogin -->
</testsuite> <!-- ErrorValidations -->
